<?xml version="1.0" encoding="UTF-8"?>
<testsuite xmlns:xsi="http://www.w3.org/2001/XMLSchema-instance" xsi:noNamespaceSchemaLocation="https://maven.apache.org/surefire/maven-surefire-plugin/xsd/surefire-test-report.xsd" name="Test Vegetable Site" time="13.157" tests="2" errors="0" skipped="0" failures="0">
  <properties>
[...]
</properties>
  <testcase name="Check the Vegetable availale" classname="Test Vegetable Site" time="7.957"/>
  <testcase name="Check the Vegetable availale" classname="Test Vegetable Site" time="5.198"/>
</testsuite>